<?xml version="1.0" encoding="UTF-8"?>
<!-- Generated by org.testng.reporters.JUnitXMLReporter -->
<testsuite ignored="0" hostname="Hassans-MBP.lan" failures="0" tests="2" name="Surefire test" time="8.008" errors="0" timestamp="2021-03-21T12:25:14 EDT">
  <testcase classname="io.cucumber.testng.AbstractTestNGCucumberTests" name="runScenario" time="4.905"/>
  <testcase classname="io.cucumber.testng.AbstractTestNGCucumberTests" name="runScenario" time="2.774"/>
</testsuite> <!-- Surefire test -->
