<?xml version="1.0" encoding="UTF-8"?>
<!-- Generated by org.testng.reporters.JUnitReportReporter -->
<testsuite hostname="Hassans-MBP.lan" failures="0" tests="4" name="TestRunner" time="14.192" errors="0" timestamp="2021-03-28T12:13:37 EDT" skipped="0">
  <testcase classname="TestRunner" name="runScenario" time="3.680"/>
  <system-out/>
  <testcase classname="TestRunner" name="runScenario" time="4.102"/>
  <system-out/>
  <testcase classname="TestRunner" name="runScenario" time="2.838"/>
  <system-out/>
  <testcase classname="TestRunner" name="runScenario" time="3.572"/>
  <system-out/>
</testsuite> <!-- TestRunner -->
